<?xml version="1.0" encoding="UTF-8"?>
<!-- Generated by org.testng.reporters.JUnitXMLReporter -->
<testsuite hostname="DESKTOP-BKCFD6N" ignored="2" name="Test" tests="2" failures="0" timestamp="26 Nov 2022 06:09:41 GMT" time="17.595" errors="0">
  <testcase name="CreateandVerifyLeadwithMandatoryFields_TC03" time="13.172" classname="com.vtiger.tests.LeadTest"/>
  <testcase name="ValidLoginTC02" time="4.378" classname="com.vtiger.tests.LoginTest"/>
  <testcase name="@BeforeSuite init" time="0.0" classname="com.vtiger.tests.BaseTest">
    <ignored/>
  </testcase> <!-- @BeforeSuite init -->
  <testcase name="@AfterSuite closeApp" time="0.0" classname="com.vtiger.tests.BaseTest">
    <ignored/>
  </testcase> <!-- @AfterSuite closeApp -->
</testsuite> <!-- Test -->
