<?xml version="1.0" encoding="UTF-8"?>
<testng-results skipped="0" failed="0" ignored="2" total="4" passed="2">
  <reporter-output>
  </reporter-output>
  <suite name="Suite" duration-ms="17595" started-at="2022-11-26T06:09:24Z" finished-at="2022-11-26T06:09:41Z">
    <groups>
    </groups>
    <test name="Test" duration-ms="17595" started-at="2022-11-26T06:09:24Z" finished-at="2022-11-26T06:09:41Z">
      <class name="com.vtiger.tests.LeadTest">
        <test-method status="PASS" signature="init()[pri:0, instance:com.vtiger.tests.LeadTest@30b7c004]" name="init" is-config="true" duration-ms="8638" started-at="2022-11-26T06:09:15Z" finished-at="2022-11-26T06:09:24Z">
          <reporter-output>
          </reporter-output>
        </test-method> <!-- init -->
        <test-method status="PASS" signature="CreateandVerifyLeadwithMandatoryFields_TC03()[pri:0, instance:com.vtiger.tests.LeadTest@30b7c004]" name="CreateandVerifyLeadwithMandatoryFields_TC03" duration-ms="13172" started-at="2022-11-26T06:09:24Z" finished-at="2022-11-26T06:09:37Z">
          <reporter-output>
          </reporter-output>
        </test-method> <!-- CreateandVerifyLeadwithMandatoryFields_TC03 -->
        <test-method status="PASS" signature="closeApp()[pri:0, instance:com.vtiger.tests.LeadTest@30b7c004]" name="closeApp" is-config="true" duration-ms="1186" started-at="2022-11-26T06:09:41Z" finished-at="2022-11-26T06:09:43Z">
          <reporter-output>
          </reporter-output>
        </test-method> <!-- closeApp -->
      </class> <!-- com.vtiger.tests.LeadTest -->
      <class name="com.vtiger.tests.LoginTest">
        <test-method status="PASS" signature="ValidLoginTC02()[pri:0, instance:com.vtiger.tests.LoginTest@79efed2d]" name="ValidLoginTC02" duration-ms="4378" started-at="2022-11-26T06:09:37Z" finished-at="2022-11-26T06:09:41Z">
          <reporter-output>
          </reporter-output>
        </test-method> <!-- ValidLoginTC02 -->
      </class> <!-- com.vtiger.tests.LoginTest -->
    </test> <!-- Test -->
  </suite> <!-- Suite -->
</testng-results>
